0 info it worked if it ends with ok
1 verbose cli [ 'node',
1 verbose cli   '/usr/local/bin/npm',
1 verbose cli   'install',
1 verbose cli   'express',
1 verbose cli   '--hbs',
1 verbose cli   'grocery' ]
2 info using npm@3.7.2
3 info using node@v0.12.7
4 verbose node symlink /usr/local/bin/node
5 silly loadCurrentTree Starting
6 silly install loadCurrentTree
7 silly install readLocalPackageData
8 silly fetchPackageMetaData express
9 silly fetchPackageMetaData grocery
10 silly fetchNamedPackageData express
11 silly mapToRegistry name express
12 silly mapToRegistry using default registry
13 silly mapToRegistry registry https://registry.npmjs.org/
14 silly mapToRegistry uri https://registry.npmjs.org/express
15 silly fetchNamedPackageData grocery
16 silly mapToRegistry name grocery
17 silly mapToRegistry using default registry
18 silly mapToRegistry registry https://registry.npmjs.org/
19 silly mapToRegistry uri https://registry.npmjs.org/grocery
20 verbose request uri https://registry.npmjs.org/grocery
21 verbose request no auth needed
22 info attempt registry request try #1 at 17:28:26
23 verbose request id a781eb739f142b14
24 http request GET https://registry.npmjs.org/grocery
25 verbose request uri https://registry.npmjs.org/express
26 verbose request no auth needed
27 info attempt registry request try #1 at 17:28:26
28 verbose etag "EGC6ZQC9648HRZ8FLLS2CVPS2"
29 http request GET https://registry.npmjs.org/express
30 http 200 https://registry.npmjs.org/express
31 verbose headers { server: 'CouchDB/1.5.0 (Erlang OTP/R16B03)',
31 verbose headers   etag: '"8ADAPQS4AYB82ANOKLZMAYTNF"',
31 verbose headers   'content-type': 'application/json',
31 verbose headers   'content-encoding': 'gzip',
31 verbose headers   'cache-control': 'max-age=300',
31 verbose headers   'content-length': '54099',
31 verbose headers   'accept-ranges': 'bytes',
31 verbose headers   date: 'Wed, 06 Apr 2016 21:28:27 GMT',
31 verbose headers   via: '1.1 varnish',
31 verbose headers   age: '158',
31 verbose headers   connection: 'keep-alive',
31 verbose headers   'x-served-by': 'cache-atl6224-ATL',
31 verbose headers   'x-cache': 'HIT',
31 verbose headers   'x-cache-hits': '5',
31 verbose headers   'x-timer': 'S1459978107.398041,VS0,VE0',
31 verbose headers   vary: 'Accept-Encoding' }
32 silly get cb [ 200,
32 silly get   { server: 'CouchDB/1.5.0 (Erlang OTP/R16B03)',
32 silly get     etag: '"8ADAPQS4AYB82ANOKLZMAYTNF"',
32 silly get     'content-type': 'application/json',
32 silly get     'content-encoding': 'gzip',
32 silly get     'cache-control': 'max-age=300',
32 silly get     'content-length': '54099',
32 silly get     'accept-ranges': 'bytes',
32 silly get     date: 'Wed, 06 Apr 2016 21:28:27 GMT',
32 silly get     via: '1.1 varnish',
32 silly get     age: '158',
32 silly get     connection: 'keep-alive',
32 silly get     'x-served-by': 'cache-atl6224-ATL',
32 silly get     'x-cache': 'HIT',
32 silly get     'x-cache-hits': '5',
32 silly get     'x-timer': 'S1459978107.398041,VS0,VE0',
32 silly get     vary: 'Accept-Encoding' } ]
33 verbose get saving express to /Users/mattoor/.npm/registry.npmjs.org/express/.cache.json
34 verbose correctMkdir /Users/mattoor/.npm correctMkdir not in flight; initializing
35 http 404 https://registry.npmjs.org/grocery
36 verbose headers { 'content-type': 'application/json',
36 verbose headers   'cache-control': 'max-age=0',
36 verbose headers   'content-length': '2',
36 verbose headers   'accept-ranges': 'bytes',
36 verbose headers   date: 'Wed, 06 Apr 2016 21:28:27 GMT',
36 verbose headers   via: '1.1 varnish',
36 verbose headers   age: '0',
36 verbose headers   connection: 'keep-alive',
36 verbose headers   'x-served-by': 'cache-atl6225-ATL',
36 verbose headers   'x-cache': 'MISS',
36 verbose headers   'x-cache-hits': '0',
36 verbose headers   'x-timer': 'S1459978107.401190,VS0,VE87',
36 verbose headers   vary: 'Accept-Encoding' }
37 silly get cb [ 404,
37 silly get   { 'content-type': 'application/json',
37 silly get     'cache-control': 'max-age=0',
37 silly get     'content-length': '2',
37 silly get     'accept-ranges': 'bytes',
37 silly get     date: 'Wed, 06 Apr 2016 21:28:27 GMT',
37 silly get     via: '1.1 varnish',
37 silly get     age: '0',
37 silly get     connection: 'keep-alive',
37 silly get     'x-served-by': 'cache-atl6225-ATL',
37 silly get     'x-cache': 'MISS',
37 silly get     'x-cache-hits': '0',
37 silly get     'x-timer': 'S1459978107.401190,VS0,VE87',
37 silly get     vary: 'Accept-Encoding' } ]
38 silly fetchPackageMetaData Error: Registry returned 404 for GET on https://registry.npmjs.org/grocery
38 silly fetchPackageMetaData     at makeError (/usr/local/lib/node_modules/npm/node_modules/npm-registry-client/lib/request.js:264:12)
38 silly fetchPackageMetaData     at CachingRegistryClient.<anonymous> (/usr/local/lib/node_modules/npm/node_modules/npm-registry-client/lib/request.js:242:14)
38 silly fetchPackageMetaData     at Request._callback (/usr/local/lib/node_modules/npm/node_modules/npm-registry-client/lib/request.js:172:14)
38 silly fetchPackageMetaData     at Request.self.callback (/usr/local/lib/node_modules/npm/node_modules/request/request.js:199:22)
38 silly fetchPackageMetaData     at Request.emit (events.js:110:17)
38 silly fetchPackageMetaData     at Request.<anonymous> (/usr/local/lib/node_modules/npm/node_modules/request/request.js:1036:10)
38 silly fetchPackageMetaData     at Request.emit (events.js:129:20)
38 silly fetchPackageMetaData     at IncomingMessage.<anonymous> (/usr/local/lib/node_modules/npm/node_modules/request/request.js:963:12)
38 silly fetchPackageMetaData     at IncomingMessage.emit (events.js:129:20)
38 silly fetchPackageMetaData     at _stream_readable.js:908:16
38 silly fetchPackageMetaData  error for grocery { [Error: Registry returned 404 for GET on https://registry.npmjs.org/grocery] pkgid: 'grocery', statusCode: 404, code: 'E404' }
39 silly rollbackFailedOptional Starting
40 silly rollbackFailedOptional Finishing
41 silly runTopLevelLifecycles Starting
42 silly runTopLevelLifecycles Finishing
43 silly install printInstalled
44 verbose stack Error: Registry returned 404 for GET on https://registry.npmjs.org/grocery
44 verbose stack     at makeError (/usr/local/lib/node_modules/npm/node_modules/npm-registry-client/lib/request.js:264:12)
44 verbose stack     at CachingRegistryClient.<anonymous> (/usr/local/lib/node_modules/npm/node_modules/npm-registry-client/lib/request.js:242:14)
44 verbose stack     at Request._callback (/usr/local/lib/node_modules/npm/node_modules/npm-registry-client/lib/request.js:172:14)
44 verbose stack     at Request.self.callback (/usr/local/lib/node_modules/npm/node_modules/request/request.js:199:22)
44 verbose stack     at Request.emit (events.js:110:17)
44 verbose stack     at Request.<anonymous> (/usr/local/lib/node_modules/npm/node_modules/request/request.js:1036:10)
44 verbose stack     at Request.emit (events.js:129:20)
44 verbose stack     at IncomingMessage.<anonymous> (/usr/local/lib/node_modules/npm/node_modules/request/request.js:963:12)
44 verbose stack     at IncomingMessage.emit (events.js:129:20)
44 verbose stack     at _stream_readable.js:908:16
45 verbose statusCode 404
46 verbose pkgid grocery
47 verbose cwd /Users/mattoor/Desktop/School/Junior/Spring 2016/Applied Internet Tech/rm3485-homework06
48 error Darwin 15.3.0
49 error argv "node" "/usr/local/bin/npm" "install" "express" "--hbs" "grocery"
50 error node v0.12.7
51 error npm  v3.7.2
52 error code E404
53 error 404 Registry returned 404 for GET on https://registry.npmjs.org/grocery
54 error 404
55 error 404 'grocery' is not in the npm registry.
56 error 404 You should bug the author to publish it (or use the name yourself!)
57 error 404 Note that you can also install from a
58 error 404 tarball, folder, http url, or git url.
59 verbose exit [ 1, true ]
